<?xml version="1.0" encoding="UTF-8"?><FDSNStationXML xmlns="http://www.fdsn.org/xml/station/1" schemaVersion="1.0"><Source>SeisComP3</Source><Sender>GFZ</Sender><Created>2017-06-19T12:35:54</Created><Network code="GE" startDate="1993-01-01T00:00:00" restrictedStatus="open"><Description>GEOFON Program, GFZ Potsdam, Germany</Description><Station code="TOLI2" startDate="2012-07-13T00:00:00" restrictedStatus="open"><Latitude>1.11119</Latitude><Longitude>120.78174</Longitude><Elevation>51</Elevation><Site><Name>GEOFON Station Tolitoli, Sulawesi, Indonesia</Name><Country>Indonesia</Country></Site><CreationDate>2012-07-13T00:00:00</CreationDate><Channel code="LHE" startDate="2012-07-13T00:00:00" restrictedStatus="open" locationCode=""><Latitude>1.11119</Latitude><Longitude>120.78174</Longitude><Elevation>51</Elevation><Depth>2</Depth><Azimuth>90</Azimuth><Dip>0</Dip><SampleRate>1</SampleRate><SampleRateRatio><NumberSamples>1</NumberSamples><NumberSeconds>1</NumberSeconds></SampleRateRatio><StorageFormat>Steim2</StorageFormat><ClockDrift>0</ClockDrift><Sensor resourceId="Sensor#20150217160229.320673.5"><Type>VBB</Type><Description>GFZ:GE1993:STS-2/N/g=1500</Description><Manufacturer>Streckeisen</Manufacturer><Model>STS-2/N</Model></Sensor><DataLogger resourceId="Datalogger#20150217160229.360318.40"><Type>Quanterra Q330</Type><Description>GFZ:GE1993:Q330/N/g=419430</Description><Manufacturer>Quanterra</Manufacturer><Model>Q330</Model></DataLogger><Response><InstrumentSensitivity><Value>629145000</Value><Frequency>0.02</Frequency><InputUnits><Name>M/S</Name></InputUnits><OutputUnits><Name/></OutputUnits></InstrumentSensitivity></Response></Channel><Channel code="BHN" startDate="2012-07-13T00:00:00" restrictedStatus="open" locationCode=""><Latitude>1.11119</Latitude><Longitude>120.78174</Longitude><Elevation>51</Elevation><Depth>2</Depth><Azimuth>0</Azimuth><Dip>0</Dip><SampleRate>20</SampleRate><SampleRateRatio><NumberSamples>20</NumberSamples><NumberSeconds>1</NumberSeconds></SampleRateRatio><StorageFormat>Steim2</StorageFormat><ClockDrift>0</ClockDrift><Sensor resourceId="Sensor#20150217160229.320673.5"><Type>VBB</Type><Description>GFZ:GE1993:STS-2/N/g=1500</Description><Manufacturer>Streckeisen</Manufacturer><Model>STS-2/N</Model></Sensor><DataLogger resourceId="Datalogger#20150217160229.360318.40"><Type>Quanterra Q330</Type><Description>GFZ:GE1993:Q330/N/g=419430</Description><Manufacturer>Quanterra</Manufacturer><Model>Q330</Model></DataLogger><Response><InstrumentSensitivity><Value>629145000</Value><Frequency>0.02</Frequency><InputUnits><Name>M/S</Name></InputUnits><OutputUnits><Name/></OutputUnits></InstrumentSensitivity></Response></Channel><Channel code="HHZ" startDate="2012-07-13T00:00:00" restrictedStatus="open" locationCode=""><Latitude>1.11119</Latitude><Longitude>120.78174</Longitude><Elevation>51</Elevation><Depth>2</Depth><Azimuth>0</Azimuth><Dip>-90</Dip><SampleRate>100</SampleRate><SampleRateRatio><NumberSamples>100</NumberSamples><NumberSeconds>1</NumberSeconds></SampleRateRatio><StorageFormat>Steim2</StorageFormat><ClockDrift>0</ClockDrift><Sensor resourceId="Sensor#20150217160229.320673.5"><Type>VBB</Type><Description>GFZ:GE1993:STS-2/N/g=1500</Description><Manufacturer>Streckeisen</Manufacturer><Model>STS-2/N</Model></Sensor><DataLogger resourceId="Datalogger#20150217160229.360318.40"><Type>Quanterra Q330</Type><Description>GFZ:GE1993:Q330/N/g=419430</Description><Manufacturer>Quanterra</Manufacturer><Model>Q330</Model></DataLogger><Response><InstrumentSensitivity><Value>629145000</Value><Frequency>0.02</Frequency><InputUnits><Name>M/S</Name></InputUnits><OutputUnits><Name/></OutputUnits></InstrumentSensitivity></Response></Channel><Channel code="SHZ" startDate="2012-07-13T00:00:00" restrictedStatus="open" locationCode=""><Latitude>1.11119</Latitude><Longitude>120.78174</Longitude><Elevation>51</Elevation><Depth>2</Depth><Azimuth>0</Azimuth><Dip>-90</Dip><SampleRate>50</SampleRate><SampleRateRatio><NumberSamples>50</NumberSamples><NumberSeconds>1</NumberSeconds></SampleRateRatio><StorageFormat>Steim2</StorageFormat><ClockDrift>0</ClockDrift><Sensor resourceId="Sensor#20150217160229.320673.5"><Type>VBB</Type><Description>GFZ:GE1993:STS-2/N/g=1500</Description><Manufacturer>Streckeisen</Manufacturer><Model>STS-2/N</Model></Sensor><DataLogger resourceId="Datalogger#20150217160229.360318.40"><Type>Quanterra Q330</Type><Description>GFZ:GE1993:Q330/N/g=419430</Description><Manufacturer>Quanterra</Manufacturer><Model>Q330</Model></DataLogger><Response><InstrumentSensitivity><Value>629145000</Value><Frequency>0.02</Frequency><InputUnits><Name>M/S</Name></InputUnits><OutputUnits><Name/></OutputUnits></InstrumentSensitivity></Response></Channel><Channel code="VHZ" startDate="2012-07-13T00:00:00" restrictedStatus="open" locationCode=""><Latitude>1.11119</Latitude><Longitude>120.78174</Longitude><Elevation>51</Elevation><Depth>2</Depth><Azimuth>0</Azimuth><Dip>-90</Dip><SampleRate>0.1</SampleRate><SampleRateRatio><NumberSamples>1</NumberSamples><NumberSeconds>10</NumberSeconds></SampleRateRatio><StorageFormat>Steim2</StorageFormat><ClockDrift>0</ClockDrift><Sensor resourceId="Sensor#20150217160229.320673.5"><Type>VBB</Type><Description>GFZ:GE1993:STS-2/N/g=1500</Description><Manufacturer>Streckeisen</Manufacturer><Model>STS-2/N</Model></Sensor><DataLogger resourceId="Datalogger#20150217160229.360318.40"><Type>Quanterra Q330</Type><Description>GFZ:GE1993:Q330/N/g=419430</Description><Manufacturer>Quanterra</Manufacturer><Model>Q330</Model></DataLogger><Response><InstrumentSensitivity><Value>2516580000</Value><Frequency>0.02</Frequency><InputUnits><Name>M/S</Name></InputUnits><OutputUnits><Name/></OutputUnits></InstrumentSensitivity></Response></Channel><Channel code="BHE" startDate="2012-07-13T00:00:00" restrictedStatus="open" locationCode=""><Latitude>1.11119</Latitude><Longitude>120.78174</Longitude><Elevation>51</Elevation><Depth>2</Depth><Azimuth>90</Azimuth><Dip>0</Dip><SampleRate>20</SampleRate><SampleRateRatio><NumberSamples>20</NumberSamples><NumberSeconds>1</NumberSeconds></SampleRateRatio><StorageFormat>Steim2</StorageFormat><ClockDrift>0</ClockDrift><Sensor resourceId="Sensor#20150217160229.320673.5"><Type>VBB</Type><Description>GFZ:GE1993:STS-2/N/g=1500</Description><Manufacturer>Streckeisen</Manufacturer><Model>STS-2/N</Model></Sensor><DataLogger resourceId="Datalogger#20150217160229.360318.40"><Type>Quanterra Q330</Type><Description>GFZ:GE1993:Q330/N/g=419430</Description><Manufacturer>Quanterra</Manufacturer><Model>Q330</Model></DataLogger><Response><InstrumentSensitivity><Value>629145000</Value><Frequency>0.02</Frequency><InputUnits><Name>M/S</Name></InputUnits><OutputUnits><Name/></OutputUnits></InstrumentSensitivity></Response></Channel><Channel code="LHZ" startDate="2012-07-13T00:00:00" restrictedStatus="open" locationCode=""><Latitude>1.11119</Latitude><Longitude>120.78174</Longitude><Elevation>51</Elevation><Depth>2</Depth><Azimuth>0</Azimuth><Dip>-90</Dip><SampleRate>1</SampleRate><SampleRateRatio><NumberSamples>1</NumberSamples><NumberSeconds>1</NumberSeconds></SampleRateRatio><StorageFormat>Steim2</StorageFormat><ClockDrift>0</ClockDrift><Sensor resourceId="Sensor#20150217160229.320673.5"><Type>VBB</Type><Description>GFZ:GE1993:STS-2/N/g=1500</Description><Manufacturer>Streckeisen</Manufacturer><Model>STS-2/N</Model></Sensor><DataLogger resourceId="Datalogger#20150217160229.360318.40"><Type>Quanterra Q330</Type><Description>GFZ:GE1993:Q330/N/g=419430</Description><Manufacturer>Quanterra</Manufacturer><Model>Q330</Model></DataLogger><Response><InstrumentSensitivity><Value>629145000</Value><Frequency>0.02</Frequency><InputUnits><Name>M/S</Name></InputUnits><OutputUnits><Name/></OutputUnits></InstrumentSensitivity></Response></Channel><Channel code="BHZ" startDate="2012-07-13T00:00:00" restrictedStatus="open" locationCode=""><Latitude>1.11119</Latitude><Longitude>120.78174</Longitude><Elevation>51</Elevation><Depth>2</Depth><Azimuth>0</Azimuth><Dip>-90</Dip><SampleRate>20</SampleRate><SampleRateRatio><NumberSamples>20</NumberSamples><NumberSeconds>1</NumberSeconds></SampleRateRatio><StorageFormat>Steim2</StorageFormat><ClockDrift>0</ClockDrift><Sensor resourceId="Sensor#20150217160229.320673.5"><Type>VBB</Type><Description>GFZ:GE1993:STS-2/N/g=1500</Description><Manufacturer>Streckeisen</Manufacturer><Model>STS-2/N</Model></Sensor><DataLogger resourceId="Datalogger#20150217160229.360318.40"><Type>Quanterra Q330</Type><Description>GFZ:GE1993:Q330/N/g=419430</Description><Manufacturer>Quanterra</Manufacturer><Model>Q330</Model></DataLogger><Response><InstrumentSensitivity><Value>629145000</Value><Frequency>0.02</Frequency><InputUnits><Name>M/S</Name></InputUnits><OutputUnits><Name/></OutputUnits></InstrumentSensitivity></Response></Channel><Channel code="SHE" startDate="2012-07-13T00:00:00" restrictedStatus="open" locationCode=""><Latitude>1.11119</Latitude><Longitude>120.78174</Longitude><Elevation>51</Elevation><Depth>2</Depth><Azimuth>90</Azimuth><Dip>0</Dip><SampleRate>50</SampleRate><SampleRateRatio><NumberSamples>50</NumberSamples><NumberSeconds>1</NumberSeconds></SampleRateRatio><StorageFormat>Steim2</StorageFormat><ClockDrift>0</ClockDrift><Sensor resourceId="Sensor#20150217160229.320673.5"><Type>VBB</Type><Description>GFZ:GE1993:STS-2/N/g=1500</Description><Manufacturer>Streckeisen</Manufacturer><Model>STS-2/N</Model></Sensor><DataLogger resourceId="Datalogger#20150217160229.360318.40"><Type>Quanterra Q330</Type><Description>GFZ:GE1993:Q330/N/g=419430</Description><Manufacturer>Quanterra</Manufacturer><Model>Q330</Model></DataLogger><Response><InstrumentSensitivity><Value>629145000</Value><Frequency>0.02</Frequency><InputUnits><Name>M/S</Name></InputUnits><OutputUnits><Name/></OutputUnits></InstrumentSensitivity></Response></Channel><Channel code="HHE" startDate="2012-07-13T00:00:00" restrictedStatus="open" locationCode=""><Latitude>1.11119</Latitude><Longitude>120.78174</Longitude><Elevation>51</Elevation><Depth>2</Depth><Azimuth>90</Azimuth><Dip>0</Dip><SampleRate>100</SampleRate><SampleRateRatio><NumberSamples>100</NumberSamples><NumberSeconds>1</NumberSeconds></SampleRateRatio><StorageFormat>Steim2</StorageFormat><ClockDrift>0</ClockDrift><Sensor resourceId="Sensor#20150217160229.320673.5"><Type>VBB</Type><Description>GFZ:GE1993:STS-2/N/g=1500</Description><Manufacturer>Streckeisen</Manufacturer><Model>STS-2/N</Model></Sensor><DataLogger resourceId="Datalogger#20150217160229.360318.40"><Type>Quanterra Q330</Type><Description>GFZ:GE1993:Q330/N/g=419430</Description><Manufacturer>Quanterra</Manufacturer><Model>Q330</Model></DataLogger><Response><InstrumentSensitivity><Value>629145000</Value><Frequency>0.02</Frequency><InputUnits><Name>M/S</Name></InputUnits><OutputUnits><Name/></OutputUnits></InstrumentSensitivity></Response></Channel><Channel code="LHN" startDate="2012-07-13T00:00:00" restrictedStatus="open" locationCode=""><Latitude>1.11119</Latitude><Longitude>120.78174</Longitude><Elevation>51</Elevation><Depth>2</Depth><Azimuth>0</Azimuth><Dip>0</Dip><SampleRate>1</SampleRate><SampleRateRatio><NumberSamples>1</NumberSamples><NumberSeconds>1</NumberSeconds></SampleRateRatio><StorageFormat>Steim2</StorageFormat><ClockDrift>0</ClockDrift><Sensor resourceId="Sensor#20150217160229.320673.5"><Type>VBB</Type><Description>GFZ:GE1993:STS-2/N/g=1500</Description><Manufacturer>Streckeisen</Manufacturer><Model>STS-2/N</Model></Sensor><DataLogger resourceId="Datalogger#20150217160229.360318.40"><Type>Quanterra Q330</Type><Description>GFZ:GE1993:Q330/N/g=419430</Description><Manufacturer>Quanterra</Manufacturer><Model>Q330</Model></DataLogger><Response><InstrumentSensitivity><Value>629145000</Value><Frequency>0.02</Frequency><InputUnits><Name>M/S</Name></InputUnits><OutputUnits><Name/></OutputUnits></InstrumentSensitivity></Response></Channel><Channel code="VHE" startDate="2012-07-13T00:00:00" restrictedStatus="open" locationCode=""><Latitude>1.11119</Latitude><Longitude>120.78174</Longitude><Elevation>51</Elevation><Depth>2</Depth><Azimuth>90</Azimuth><Dip>0</Dip><SampleRate>0.1</SampleRate><SampleRateRatio><NumberSamples>1</NumberSamples><NumberSeconds>10</NumberSeconds></SampleRateRatio><StorageFormat>Steim2</StorageFormat><ClockDrift>0</ClockDrift><Sensor resourceId="Sensor#20150217160229.320673.5"><Type>VBB</Type><Description>GFZ:GE1993:STS-2/N/g=1500</Description><Manufacturer>Streckeisen</Manufacturer><Model>STS-2/N</Model></Sensor><DataLogger resourceId="Datalogger#20150217160229.360318.40"><Type>Quanterra Q330</Type><Description>GFZ:GE1993:Q330/N/g=419430</Description><Manufacturer>Quanterra</Manufacturer><Model>Q330</Model></DataLogger><Response><InstrumentSensitivity><Value>2516580000</Value><Frequency>0.02</Frequency><InputUnits><Name>M/S</Name></InputUnits><OutputUnits><Name/></OutputUnits></InstrumentSensitivity></Response></Channel><Channel code="VHN" startDate="2012-07-13T00:00:00" restrictedStatus="open" locationCode=""><Latitude>1.11119</Latitude><Longitude>120.78174</Longitude><Elevation>51</Elevation><Depth>2</Depth><Azimuth>0</Azimuth><Dip>0</Dip><SampleRate>0.1</SampleRate><SampleRateRatio><NumberSamples>1</NumberSamples><NumberSeconds>10</NumberSeconds></SampleRateRatio><StorageFormat>Steim2</StorageFormat><ClockDrift>0</ClockDrift><Sensor resourceId="Sensor#20150217160229.320673.5"><Type>VBB</Type><Description>GFZ:GE1993:STS-2/N/g=1500</Description><Manufacturer>Streckeisen</Manufacturer><Model>STS-2/N</Model></Sensor><DataLogger resourceId="Datalogger#20150217160229.360318.40"><Type>Quanterra Q330</Type><Description>GFZ:GE1993:Q330/N/g=419430</Description><Manufacturer>Quanterra</Manufacturer><Model>Q330</Model></DataLogger><Response><InstrumentSensitivity><Value>2516580000</Value><Frequency>0.02</Frequency><InputUnits><Name>M/S</Name></InputUnits><OutputUnits><Name/></OutputUnits></InstrumentSensitivity></Response></Channel><Channel code="HHN" startDate="2012-07-13T00:00:00" restrictedStatus="open" locationCode=""><Latitude>1.11119</Latitude><Longitude>120.78174</Longitude><Elevation>51</Elevation><Depth>2</Depth><Azimuth>0</Azimuth><Dip>0</Dip><SampleRate>100</SampleRate><SampleRateRatio><NumberSamples>100</NumberSamples><NumberSeconds>1</NumberSeconds></SampleRateRatio><StorageFormat>Steim2</StorageFormat><ClockDrift>0</ClockDrift><Sensor resourceId="Sensor#20150217160229.320673.5"><Type>VBB</Type><Description>GFZ:GE1993:STS-2/N/g=1500</Description><Manufacturer>Streckeisen</Manufacturer><Model>STS-2/N</Model></Sensor><DataLogger resourceId="Datalogger#20150217160229.360318.40"><Type>Quanterra Q330</Type><Description>GFZ:GE1993:Q330/N/g=419430</Description><Manufacturer>Quanterra</Manufacturer><Model>Q330</Model></DataLogger><Response><InstrumentSensitivity><Value>629145000</Value><Frequency>0.02</Frequency><InputUnits><Name>M/S</Name></InputUnits><OutputUnits><Name/></OutputUnits></InstrumentSensitivity></Response></Channel><Channel code="SHN" startDate="2012-07-13T00:00:00" restrictedStatus="open" locationCode=""><Latitude>1.11119</Latitude><Longitude>120.78174</Longitude><Elevation>51</Elevation><Depth>2</Depth><Azimuth>0</Azimuth><Dip>0</Dip><SampleRate>50</SampleRate><SampleRateRatio><NumberSamples>50</NumberSamples><NumberSeconds>1</NumberSeconds></SampleRateRatio><StorageFormat>Steim2</StorageFormat><ClockDrift>0</ClockDrift><Sensor resourceId="Sensor#20150217160229.320673.5"><Type>VBB</Type><Description>GFZ:GE1993:STS-2/N/g=1500</Description><Manufacturer>Streckeisen</Manufacturer><Model>STS-2/N</Model></Sensor><DataLogger resourceId="Datalogger#20150217160229.360318.40"><Type>Quanterra Q330</Type><Description>GFZ:GE1993:Q330/N/g=419430</Description><Manufacturer>Quanterra</Manufacturer><Model>Q330</Model></DataLogger><Response><InstrumentSensitivity><Value>629145000</Value><Frequency>0.02</Frequency><InputUnits><Name>M/S</Name></InputUnits><OutputUnits><Name/></OutputUnits></InstrumentSensitivity></Response></Channel><Channel code="LLZ" startDate="2012-07-13T00:00:00" restrictedStatus="open" locationCode=""><Latitude>1.11119</Latitude><Longitude>120.78174</Longitude><Elevation>51</Elevation><Depth>2</Depth><Azimuth>0</Azimuth><Dip>-90</Dip><SampleRate>1</SampleRate><SampleRateRatio><NumberSamples>1</NumberSamples><NumberSeconds>1</NumberSeconds></SampleRateRatio><StorageFormat>Steim2</StorageFormat><ClockDrift>0</ClockDrift><Sensor resourceId="Sensor#20150217160229.359391.38"><Type>SM</Type><Description>GFZ:GE1993:FBA-EST/10.0/g=1</Description><Manufacturer>Kinemetrics</Manufacturer><Model>FBA-EST/10.0</Model></Sensor><DataLogger resourceId="Datalogger#20150217160229.360318.40"><Type>Quanterra Q330</Type><Description>GFZ:GE1993:Q330/N/g=419430</Description><Manufacturer>Quanterra</Manufacturer><Model>Q330</Model></DataLogger><Response><InstrumentSensitivity><Value>427566.942</Value><Frequency>1</Frequency><InputUnits><Name>M/S**2</Name></InputUnits><OutputUnits><Name/></OutputUnits></InstrumentSensitivity></Response></Channel><Channel code="HLZ" startDate="2012-07-13T00:00:00" restrictedStatus="open" locationCode=""><Latitude>1.11119</Latitude><Longitude>120.78174</Longitude><Elevation>51</Elevation><Depth>2</Depth><Azimuth>0</Azimuth><Dip>-90</Dip><SampleRate>100</SampleRate><SampleRateRatio><NumberSamples>100</NumberSamples><NumberSeconds>1</NumberSeconds></SampleRateRatio><StorageFormat>Steim2</StorageFormat><ClockDrift>0</ClockDrift><Sensor resourceId="Sensor#20150217160229.359391.38"><Type>SM</Type><Description>GFZ:GE1993:FBA-EST/10.0/g=1</Description><Manufacturer>Kinemetrics</Manufacturer><Model>FBA-EST/10.0</Model></Sensor><DataLogger resourceId="Datalogger#20150217160229.360318.40"><Type>Quanterra Q330</Type><Description>GFZ:GE1993:Q330/N/g=419430</Description><Manufacturer>Quanterra</Manufacturer><Model>Q330</Model></DataLogger><Response><InstrumentSensitivity><Value>427566.942</Value><Frequency>1</Frequency><InputUnits><Name>M/S**2</Name></InputUnits><OutputUnits><Name/></OutputUnits></InstrumentSensitivity></Response></Channel><Channel code="BLZ" startDate="2012-07-13T00:00:00" restrictedStatus="open" locationCode=""><Latitude>1.11119</Latitude><Longitude>120.78174</Longitude><Elevation>51</Elevation><Depth>2</Depth><Azimuth>0</Azimuth><Dip>-90</Dip><SampleRate>20</SampleRate><SampleRateRatio><NumberSamples>20</NumberSamples><NumberSeconds>1</NumberSeconds></SampleRateRatio><StorageFormat>Steim2</StorageFormat><ClockDrift>0</ClockDrift><Sensor resourceId="Sensor#20150217160229.359391.38"><Type>SM</Type><Description>GFZ:GE1993:FBA-EST/10.0/g=1</Description><Manufacturer>Kinemetrics</Manufacturer><Model>FBA-EST/10.0</Model></Sensor><DataLogger resourceId="Datalogger#20150217160229.360318.40"><Type>Quanterra Q330</Type><Description>GFZ:GE1993:Q330/N/g=419430</Description><Manufacturer>Quanterra</Manufacturer><Model>Q330</Model></DataLogger><Response><InstrumentSensitivity><Value>427566.942</Value><Frequency>1</Frequency><InputUnits><Name>M/S**2</Name></InputUnits><OutputUnits><Name/></OutputUnits></InstrumentSensitivity></Response></Channel><Channel code="HLN" startDate="2012-07-13T00:00:00" restrictedStatus="open" locationCode=""><Latitude>1.11119</Latitude><Longitude>120.78174</Longitude><Elevation>51</Elevation><Depth>2</Depth><Azimuth>0</Azimuth><Dip>0</Dip><SampleRate>100</SampleRate><SampleRateRatio><NumberSamples>100</NumberSamples><NumberSeconds>1</NumberSeconds></SampleRateRatio><StorageFormat>Steim2</StorageFormat><ClockDrift>0</ClockDrift><Sensor resourceId="Sensor#20150217160229.359391.38"><Type>SM</Type><Description>GFZ:GE1993:FBA-EST/10.0/g=1</Description><Manufacturer>Kinemetrics</Manufacturer><Model>FBA-EST/10.0</Model></Sensor><DataLogger resourceId="Datalogger#20150217160229.360318.40"><Type>Quanterra Q330</Type><Description>GFZ:GE1993:Q330/N/g=419430</Description><Manufacturer>Quanterra</Manufacturer><Model>Q330</Model></DataLogger><Response><InstrumentSensitivity><Value>427566.942</Value><Frequency>1</Frequency><InputUnits><Name>M/S**2</Name></InputUnits><OutputUnits><Name/></OutputUnits></InstrumentSensitivity></Response></Channel><Channel code="BLN" startDate="2012-07-13T00:00:00" restrictedStatus="open" locationCode=""><Latitude>1.11119</Latitude><Longitude>120.78174</Longitude><Elevation>51</Elevation><Depth>2</Depth><Azimuth>0</Azimuth><Dip>0</Dip><SampleRate>20</SampleRate><SampleRateRatio><NumberSamples>20</NumberSamples><NumberSeconds>1</NumberSeconds></SampleRateRatio><StorageFormat>Steim2</StorageFormat><ClockDrift>0</ClockDrift><Sensor resourceId="Sensor#20150217160229.359391.38"><Type>SM</Type><Description>GFZ:GE1993:FBA-EST/10.0/g=1</Description><Manufacturer>Kinemetrics</Manufacturer><Model>FBA-EST/10.0</Model></Sensor><DataLogger resourceId="Datalogger#20150217160229.360318.40"><Type>Quanterra Q330</Type><Description>GFZ:GE1993:Q330/N/g=419430</Description><Manufacturer>Quanterra</Manufacturer><Model>Q330</Model></DataLogger><Response><InstrumentSensitivity><Value>427566.942</Value><Frequency>1</Frequency><InputUnits><Name>M/S**2</Name></InputUnits><OutputUnits><Name/></OutputUnits></InstrumentSensitivity></Response></Channel><Channel code="LLN" startDate="2012-07-13T00:00:00" restrictedStatus="open" locationCode=""><Latitude>1.11119</Latitude><Longitude>120.78174</Longitude><Elevation>51</Elevation><Depth>2</Depth><Azimuth>0</Azimuth><Dip>0</Dip><SampleRate>1</SampleRate><SampleRateRatio><NumberSamples>1</NumberSamples><NumberSeconds>1</NumberSeconds></SampleRateRatio><StorageFormat>Steim2</StorageFormat><ClockDrift>0</ClockDrift><Sensor resourceId="Sensor#20150217160229.359391.38"><Type>SM</Type><Description>GFZ:GE1993:FBA-EST/10.0/g=1</Description><Manufacturer>Kinemetrics</Manufacturer><Model>FBA-EST/10.0</Model></Sensor><DataLogger resourceId="Datalogger#20150217160229.360318.40"><Type>Quanterra Q330</Type><Description>GFZ:GE1993:Q330/N/g=419430</Description><Manufacturer>Quanterra</Manufacturer><Model>Q330</Model></DataLogger><Response><InstrumentSensitivity><Value>427566.942</Value><Frequency>1</Frequency><InputUnits><Name>M/S**2</Name></InputUnits><OutputUnits><Name/></OutputUnits></InstrumentSensitivity></Response></Channel><Channel code="BLE" startDate="2012-07-13T00:00:00" restrictedStatus="open" locationCode=""><Latitude>1.11119</Latitude><Longitude>120.78174</Longitude><Elevation>51</Elevation><Depth>2</Depth><Azimuth>90</Azimuth><Dip>0</Dip><SampleRate>20</SampleRate><SampleRateRatio><NumberSamples>20</NumberSamples><NumberSeconds>1</NumberSeconds></SampleRateRatio><StorageFormat>Steim2</StorageFormat><ClockDrift>0</ClockDrift><Sensor resourceId="Sensor#20150217160229.359391.38"><Type>SM</Type><Description>GFZ:GE1993:FBA-EST/10.0/g=1</Description><Manufacturer>Kinemetrics</Manufacturer><Model>FBA-EST/10.0</Model></Sensor><DataLogger resourceId="Datalogger#20150217160229.360318.40"><Type>Quanterra Q330</Type><Description>GFZ:GE1993:Q330/N/g=419430</Description><Manufacturer>Quanterra</Manufacturer><Model>Q330</Model></DataLogger><Response><InstrumentSensitivity><Value>427566.942</Value><Frequency>1</Frequency><InputUnits><Name>M/S**2</Name></InputUnits><OutputUnits><Name/></OutputUnits></InstrumentSensitivity></Response></Channel><Channel code="HLE" startDate="2012-07-13T00:00:00" restrictedStatus="open" locationCode=""><Latitude>1.11119</Latitude><Longitude>120.78174</Longitude><Elevation>51</Elevation><Depth>2</Depth><Azimuth>90</Azimuth><Dip>0</Dip><SampleRate>100</SampleRate><SampleRateRatio><NumberSamples>100</NumberSamples><NumberSeconds>1</NumberSeconds></SampleRateRatio><StorageFormat>Steim2</StorageFormat><ClockDrift>0</ClockDrift><Sensor resourceId="Sensor#20150217160229.359391.38"><Type>SM</Type><Description>GFZ:GE1993:FBA-EST/10.0/g=1</Description><Manufacturer>Kinemetrics</Manufacturer><Model>FBA-EST/10.0</Model></Sensor><DataLogger resourceId="Datalogger#20150217160229.360318.40"><Type>Quanterra Q330</Type><Description>GFZ:GE1993:Q330/N/g=419430</Description><Manufacturer>Quanterra</Manufacturer><Model>Q330</Model></DataLogger><Response><InstrumentSensitivity><Value>427566.942</Value><Frequency>1</Frequency><InputUnits><Name>M/S**2</Name></InputUnits><OutputUnits><Name/></OutputUnits></InstrumentSensitivity></Response></Channel><Channel code="LLE" startDate="2012-07-13T00:00:00" restrictedStatus="open" locationCode=""><Latitude>1.11119</Latitude><Longitude>120.78174</Longitude><Elevation>51</Elevation><Depth>2</Depth><Azimuth>90</Azimuth><Dip>0</Dip><SampleRate>1</SampleRate><SampleRateRatio><NumberSamples>1</NumberSamples><NumberSeconds>1</NumberSeconds></SampleRateRatio><StorageFormat>Steim2</StorageFormat><ClockDrift>0</ClockDrift><Sensor resourceId="Sensor#20150217160229.359391.38"><Type>SM</Type><Description>GFZ:GE1993:FBA-EST/10.0/g=1</Description><Manufacturer>Kinemetrics</Manufacturer><Model>FBA-EST/10.0</Model></Sensor><DataLogger resourceId="Datalogger#20150217160229.360318.40"><Type>Quanterra Q330</Type><Description>GFZ:GE1993:Q330/N/g=419430</Description><Manufacturer>Quanterra</Manufacturer><Model>Q330</Model></DataLogger><Response><InstrumentSensitivity><Value>427566.942</Value><Frequency>1</Frequency><InputUnits><Name>M/S**2</Name></InputUnits><OutputUnits><Name/></OutputUnits></InstrumentSensitivity></Response></Channel></Station></Network></FDSNStationXML>
